Using pre-set license
Built from '2021.2/release' branch; Version is '2021.2.0f1 (4bf1ec4b23c9) revision 4977132'; Using compiler version '192829333'; Build Type 'Release'
OS: 'Windows 10 Home; OS build 19042.1415; Version 2009; 64bit' Language: 'en' Physical Memory: 16309 MB
BatchMode: 1, IsHumanControllingUs: 0, StartBugReporterOnCrash: 0, Is64bit: 1, IsPro: 0

COMMAND LINE ARGUMENTS:
C:\Program Files\Unity\Hub\Editor\2021.2.0f1\Editor\Unity.exe
-adb2
-batchMode
-noUpm
-name
AssetImportWorker0
-projectPath
C:/Users/User/OneDrive/Dokumenti/GitHub/SurvivalGame/NightOut
-logFile
Logs/AssetImportWorker0.log
-srvPort
50081
Successfully changed project path to: C:/Users/User/OneDrive/Dokumenti/GitHub/SurvivalGame/NightOut
C:/Users/User/OneDrive/Dokumenti/GitHub/SurvivalGame/NightOut
[UnityMemory] Configuration Parameters - Can be set up in boot.config
    "memorysetup-bucket-allocator-granularity=16"
    "memorysetup-bucket-allocator-bucket-count=8"
    "memorysetup-bucket-allocator-block-size=33554432"
    "memorysetup-bucket-allocator-block-count=8"
    "memorysetup-main-allocator-block-size=16777216"
    "memorysetup-thread-allocator-block-size=16777216"
    "memorysetup-gfx-main-allocator-block-size=16777216"
    "memorysetup-gfx-thread-allocator-block-size=16777216"
    "memorysetup-cache-allocator-block-size=4194304"
    "memorysetup-typetree-allocator-block-size=2097152"
    "memorysetup-profiler-bucket-allocator-granularity=16"
    "memorysetup-profiler-bucket-allocator-bucket-count=8"
    "memorysetup-profiler-bucket-allocator-block-size=33554432"
    "memorysetup-profiler-bucket-allocator-block-count=8"
    "memorysetup-profiler-allocator-block-size=16777216"
    "memorysetup-profiler-editor-allocator-block-size=1048576"
    "memorysetup-temp-allocator-size-main=16777216"
    "memorysetup-job-temp-allocator-block-size=2097152"
    "memorysetup-job-temp-allocator-block-size-background=1048576"
    "memorysetup-job-temp-allocator-reduction-small-platforms=262144"
    "memorysetup-temp-allocator-size-background-worker=32768"
    "memorysetup-temp-allocator-size-job-worker=262144"
    "memorysetup-temp-allocator-size-preload-manager=33554432"
    "memorysetup-temp-allocator-size-nav-mesh-worker=65536"
    "memorysetup-temp-allocator-size-audio-worker=65536"
    "memorysetup-temp-allocator-size-cloud-worker=32768"
    "memorysetup-temp-allocator-size-gi-baking-worker=262144"
    "memorysetup-temp-allocator-size-gfx=262144"
Refreshing native plugins compatible for Editor in 105.00 ms, found 3 plugins.
Preloading 0 native plugins for Editor in 0.00 ms.
Initialize engine version: 2021.2.0f1 (4bf1ec4b23c9)
[Subsystems] Discovering subsystems at path C:/Program Files/Unity/Hub/Editor/2021.2.0f1/Editor/Data/Resources/UnitySubsystems
[Subsystems] Discovering subsystems at path C:/Users/User/OneDrive/Dokumenti/GitHub/SurvivalGame/NightOut/Assets
GfxDevice: creating device client; threaded=0; jobified=0
Direct3D:
    Version:  Direct3D 11.0 [level 11.1]
    Renderer: NVIDIA GeForce GTX 1070 (ID=0x1b81)
    Vendor:   NVIDIA
    VRAM:     8088 MB
    Driver:   30.0.14.7168
Initialize mono
Mono path[0] = 'C:/Program Files/Unity/Hub/Editor/2021.2.0f1/Editor/Data/Managed'
Mono path[1] = 'C:/Program Files/Unity/Hub/Editor/2021.2.0f1/Editor/Data/MonoBleedingEdge/lib/mono/unityjit-win32'
Mono config path = 'C:/Program Files/Unity/Hub/Editor/2021.2.0f1/Editor/Data/MonoBleedingEdge/etc'
Using monoOptions --debugger-agent=transport=dt_socket,embedding=1,server=y,suspend=n,address=127.0.0.1:56912
Begin MonoManager ReloadAssembly
Registering precompiled unity dll's ...
Register platform support module: C:/Program Files/Unity/Hub/Editor/2021.2.0f1/Editor/Data/PlaybackEngines/WebGLSupport/UnityEditor.WebGL.Extensions.dll
Register platform support module: C:/Program Files/Unity/Hub/Editor/2021.2.0f1/Editor/Data/PlaybackEngines/MacStandaloneSupport/UnityEditor.OSXStandalone.Extensions.dll
Register platform support module: C:/Program Files/Unity/Hub/Editor/2021.2.0f1/Editor/Data/PlaybackEngines/WindowsStandaloneSupport/UnityEditor.WindowsStandalone.Extensions.dll
Register platform support module: C:/Program Files/Unity/Hub/Editor/2021.2.0f1/Editor/Data/PlaybackEngines/LinuxStandaloneSupport/UnityEditor.LinuxStandalone.Extensions.dll
Registered in 0.010008 seconds.
Native extension for LinuxStandalone target not found
Native extension for WindowsStandalone target not found
Native extension for OSXStandalone target not found
Native extension for WebGL target not found
Refreshing native plugins compatible for Editor in 98.68 ms, found 3 plugins.
Preloading 0 native plugins for Editor in 0.00 ms.
Mono: successfully reloaded assembly
- Completed reload, in  0.946 seconds
Domain Reload Profiling:
	ReloadAssembly (947ms)
		BeginReloadAssembly (78ms)
			ExecutionOrderSort (0ms)
			DisableScriptedObjects (0ms)
			BackupInstance (0ms)
			ReleaseScriptingObjects (0ms)
			CreateAndSetChildDomain (1ms)
		EndReloadAssembly (476ms)
			LoadAssemblies (76ms)
			RebuildTransferFunctionScriptingTraits (0ms)
			SetupTypeCache (102ms)
			ReleaseScriptCaches (0ms)
			RebuildScriptCaches (27ms)
			SetupLoadedEditorAssemblies (292ms)
				LogAssemblyErrors (0ms)
				InitializePlatformSupportModulesInManaged (15ms)
				SetLoadedEditorAssemblies (0ms)
				RefreshPlugins (99ms)
				BeforeProcessingInitializeOnLoad (1ms)
				ProcessInitializeOnLoadAttributes (130ms)
				ProcessInitializeOnLoadMethodAttributes (47ms)
				AfterProcessingInitializeOnLoad (0ms)
				EditorAssembliesLoaded (0ms)
			ExecutionOrderSort2 (0ms)
			AwakeInstancesAfterBackupRestoration (0ms)
Platform modules already initialized, skipping
Registering precompiled user dll's ...
Registered in 0.005500 seconds.
Begin MonoManager ReloadAssembly
Symbol file LoadedFromMemory doesn't match image C:\Users\User\OneDrive\Dokumenti\GitHub\SurvivalGame\NightOut\Library\PackageCache\com.unity.visualscripting@1.7.2\Editor\VisualScripting.Core\Dependencies\YamlDotNet\Unity.VisualScripting.YamlDotNet.dll
Symbol file LoadedFromMemory doesn't match image C:\Users\User\OneDrive\Dokumenti\GitHub\SurvivalGame\NightOut\Library\PackageCache\com.unity.visualscripting@1.7.2\Editor\VisualScripting.Core\Dependencies\DotNetZip\Unity.VisualScripting.IonicZip.dll
Native extension for LinuxStandalone target not found
Native extension for WindowsStandalone target not found
Native extension for OSXStandalone target not found
Native extension for WebGL target not found
Refreshing native plugins compatible for Editor in 93.65 ms, found 3 plugins.
Preloading 0 native plugins for Editor in 0.00 ms.
Mono: successfully reloaded assembly
- Completed reload, in  1.272 seconds
Domain Reload Profiling:
	ReloadAssembly (1273ms)
		BeginReloadAssembly (183ms)
			ExecutionOrderSort (0ms)
			DisableScriptedObjects (6ms)
			BackupInstance (0ms)
			ReleaseScriptingObjects (0ms)
			CreateAndSetChildDomain (21ms)
		EndReloadAssembly (985ms)
			LoadAssemblies (84ms)
			RebuildTransferFunctionScriptingTraits (0ms)
			SetupTypeCache (226ms)
			ReleaseScriptCaches (1ms)
			RebuildScriptCaches (56ms)
			SetupLoadedEditorAssemblies (517ms)
				LogAssemblyErrors (0ms)
				InitializePlatformSupportModulesInManaged (16ms)
				SetLoadedEditorAssemblies (0ms)
				RefreshPlugins (94ms)
				BeforeProcessingInitializeOnLoad (89ms)
				ProcessInitializeOnLoadAttributes (288ms)
				ProcessInitializeOnLoadMethodAttributes (20ms)
				AfterProcessingInitializeOnLoad (9ms)
				EditorAssembliesLoaded (0ms)
			ExecutionOrderSort2 (0ms)
			AwakeInstancesAfterBackupRestoration (8ms)
Platform modules already initialized, skipping
========================================================================
Worker process is ready to serve import requests
Launched and connected shader compiler UnityShaderCompiler.exe after 0.07 seconds
Refreshing native plugins compatible for Editor in 0.92 ms, found 3 plugins.
Preloading 0 native plugins for Editor in 0.00 ms.
Unloading 3596 Unused Serialized files (Serialized files now loaded: 0)
Unloading 40 unused Assets / (129.1 KB). Loaded Objects now: 4054.
Memory consumption went from 132.5 MB to 132.4 MB.
Total: 3.793200 ms (FindLiveObjects: 0.390900 ms CreateObjectMapping: 0.102100 ms MarkObjects: 3.172100 ms  DeleteObjects: 0.126300 ms)

AssetImportParameters requested are different than current active one (requested -> active):
  custom:video-decoder-ogg-theora: a1e56fd34408186e4bbccfd4996cb3dc -> 
  custom:container-muxer-webm: aa71ff27fc2769a1b78a27578f13a17b -> 
  custom:container-demuxer-webm: 4f35f7cbe854078d1ac9338744f61a02 -> 
  custom:video-encoder-webm-vp8: eb34c28f22e8b96e1ab97ce403110664 -> 
  custom:audio-encoder-webm-vorbis: bf7c407c2cedff20999df2af8eb42d56 -> 
  custom:framework-win-MediaFoundation: 216162199b28c13a410421893ffa2e32 -> 
  custom:container-demuxer-ogg: 62fdf1f143b41e24485cea50d1cbac27 -> 
  custom:video-decoder-webm-vp8: 9c59270c3fd7afecdb556c50c9e8de78 -> 
  custom:audio-decoder-ogg-vorbis: bf7c407c2cedff20999df2af8eb42d56 -> 
========================================================================
Received Import Request.
  Time since last request: 241206.625785 seconds.
  path: Assets/Low Poly Free Vegetation Kit/Prefabs/Rocks/Rock 1.prefab
  artifactKey: Guid(ed18eacbf5bb4514d8a6b7a36c669520) Importer(815301076,1909f56bfc062723c751e8b465ee728b)
Start importing Assets/Low Poly Free Vegetation Kit/Prefabs/Rocks/Rock 1.prefab using Guid(ed18eacbf5bb4514d8a6b7a36c669520) Importer(815301076,1909f56bfc062723c751e8b465ee728b)  -> (artifact id: '99eda0bace1b4a92a1619449e34367d5') in 0.331775 seconds 
========================================================================
Received Import Request.
  Time since last request: 0.000021 seconds.
  path: Assets/Low Poly Free Vegetation Kit/Prefabs/Rocks/Small Rock 1.prefab
  artifactKey: Guid(5affa63adb5a6e44ea78a6528f5b7331) Importer(815301076,1909f56bfc062723c751e8b465ee728b)
Start importing Assets/Low Poly Free Vegetation Kit/Prefabs/Rocks/Small Rock 1.prefab using Guid(5affa63adb5a6e44ea78a6528f5b7331) Importer(815301076,1909f56bfc062723c751e8b465ee728b)  -> (artifact id: '3f37f69f8f02440baa978e5040c13b25') in 0.014827 seconds 
========================================================================
Received Import Request.
  Time since last request: 0.000028 seconds.
  path: Assets/Low Poly Free Vegetation Kit/Prefabs/Rocks/Rock 5.prefab
  artifactKey: Guid(d0976a0f16cdc8e419422a94ffec72d1) Importer(815301076,1909f56bfc062723c751e8b465ee728b)
Start importing Assets/Low Poly Free Vegetation Kit/Prefabs/Rocks/Rock 5.prefab using Guid(d0976a0f16cdc8e419422a94ffec72d1) Importer(815301076,1909f56bfc062723c751e8b465ee728b)  -> (artifact id: '68e224610449e1b5451a6b20e38e3da2') in 0.013235 seconds 
========================================================================
Received Import Request.
  Time since last request: 0.000022 seconds.
  path: Assets/Low Poly Free Vegetation Kit/Prefabs/Rocks/Mountain.prefab
  artifactKey: Guid(81d960fe44e3f6b46bcda7b24988e254) Importer(815301076,1909f56bfc062723c751e8b465ee728b)
Start importing Assets/Low Poly Free Vegetation Kit/Prefabs/Rocks/Mountain.prefab using Guid(81d960fe44e3f6b46bcda7b24988e254) Importer(815301076,1909f56bfc062723c751e8b465ee728b)  -> (artifact id: '4e47f03386a5db9269803d113a4c8ad4') in 0.014957 seconds 
========================================================================
Received Import Request.
  Time since last request: 0.000017 seconds.
  path: Assets/Low Poly Free Vegetation Kit/Prefabs/Rocks/Big Rock 3.prefab
  artifactKey: Guid(232241c4030929146b8c0b57349f65a4) Importer(815301076,1909f56bfc062723c751e8b465ee728b)
Start importing Assets/Low Poly Free Vegetation Kit/Prefabs/Rocks/Big Rock 3.prefab using Guid(232241c4030929146b8c0b57349f65a4) Importer(815301076,1909f56bfc062723c751e8b465ee728b)  -> (artifact id: '6d4c83f4512067d04c1145a224962d3b') in 0.014047 seconds 
========================================================================
Received Import Request.
  Time since last request: 0.000018 seconds.
  path: Assets/Low Poly Free Vegetation Kit/Prefabs/Rocks/Rock 3.prefab
  artifactKey: Guid(ed0cb6b83666ad94ea9fbf08b3ed5d46) Importer(815301076,1909f56bfc062723c751e8b465ee728b)
Start importing Assets/Low Poly Free Vegetation Kit/Prefabs/Rocks/Rock 3.prefab using Guid(ed0cb6b83666ad94ea9fbf08b3ed5d46) Importer(815301076,1909f56bfc062723c751e8b465ee728b)  -> (artifact id: '4268d5474e66d5e592318934d673c05f') in 0.012033 seconds 
========================================================================
Received Import Request.
  Time since last request: 0.000108 seconds.
  path: Assets/Low Poly Free Vegetation Kit/Prefabs/Rocks/Rock 2.prefab
  artifactKey: Guid(4de9cfc6da7eef349881466ae54ea745) Importer(815301076,1909f56bfc062723c751e8b465ee728b)
Start importing Assets/Low Poly Free Vegetation Kit/Prefabs/Rocks/Rock 2.prefab using Guid(4de9cfc6da7eef349881466ae54ea745) Importer(815301076,1909f56bfc062723c751e8b465ee728b)  -> (artifact id: '9af152646e9808e72d0f944764d5158d') in 0.014063 seconds 
========================================================================
Received Import Request.
  Time since last request: 0.000023 seconds.
  path: Assets/Low Poly Free Vegetation Kit/Prefabs/Rocks/Big Rock 2.prefab
  artifactKey: Guid(7ece6646ef2475b44959032f5d55a8f6) Importer(815301076,1909f56bfc062723c751e8b465ee728b)
Start importing Assets/Low Poly Free Vegetation Kit/Prefabs/Rocks/Big Rock 2.prefab using Guid(7ece6646ef2475b44959032f5d55a8f6) Importer(815301076,1909f56bfc062723c751e8b465ee728b)  -> (artifact id: '37fdd8be164e93f5335c693007f4a848') in 0.013062 seconds 
========================================================================
Received Import Request.
  Time since last request: 0.000021 seconds.
  path: Assets/Low Poly Free Vegetation Kit/Prefabs/Rocks/Rock 4.prefab
  artifactKey: Guid(81a7d23c8cb63c94cbb1842341b86493) Importer(815301076,1909f56bfc062723c751e8b465ee728b)
Start importing Assets/Low Poly Free Vegetation Kit/Prefabs/Rocks/Rock 4.prefab using Guid(81a7d23c8cb63c94cbb1842341b86493) Importer(815301076,1909f56bfc062723c751e8b465ee728b)  -> (artifact id: '6106bb2a06c39b6355d36f702babe506') in 0.013544 seconds 
========================================================================
Received Import Request.
  Time since last request: 0.000025 seconds.
  path: Assets/Low Poly Free Vegetation Kit/Prefabs/Rocks/Big Rock 5.prefab
  artifactKey: Guid(4462df8489303ba448bfd5971b82232f) Importer(815301076,1909f56bfc062723c751e8b465ee728b)
Start importing Assets/Low Poly Free Vegetation Kit/Prefabs/Rocks/Big Rock 5.prefab using Guid(4462df8489303ba448bfd5971b82232f) Importer(815301076,1909f56bfc062723c751e8b465ee728b)  -> (artifact id: 'b972ff092fb60842a0d76cd1a3e7fa09') in 0.012737 seconds 
========================================================================
Received Import Request.
  Time since last request: 0.000017 seconds.
  path: Assets/Low Poly Free Vegetation Kit/Prefabs/Rocks/Big Rock 1.prefab
  artifactKey: Guid(83145382902cecc4286a4f62b720fb37) Importer(815301076,1909f56bfc062723c751e8b465ee728b)
Start importing Assets/Low Poly Free Vegetation Kit/Prefabs/Rocks/Big Rock 1.prefab using Guid(83145382902cecc4286a4f62b720fb37) Importer(815301076,1909f56bfc062723c751e8b465ee728b)  -> (artifact id: '4d0e57f70023b67623ef493c5a98a8bf') in 0.012787 seconds 
========================================================================
Received Import Request.
  Time since last request: 0.000026 seconds.
  path: Assets/Low Poly Free Vegetation Kit/Prefabs/Rocks/Small Rock 5.prefab
  artifactKey: Guid(e282280263592284b8c7c955e3517805) Importer(815301076,1909f56bfc062723c751e8b465ee728b)
Start importing Assets/Low Poly Free Vegetation Kit/Prefabs/Rocks/Small Rock 5.prefab using Guid(e282280263592284b8c7c955e3517805) Importer(815301076,1909f56bfc062723c751e8b465ee728b)  -> (artifact id: '4f04febde82e565903ac2c2b7e0ad91c') in 0.012234 seconds 
========================================================================
Received Import Request.
  Time since last request: 0.000018 seconds.
  path: Assets/Low Poly Free Vegetation Kit/Prefabs/Rocks/Small Rock 3.prefab
  artifactKey: Guid(8402ea267d711e6439b198a4526755b2) Importer(815301076,1909f56bfc062723c751e8b465ee728b)
Start importing Assets/Low Poly Free Vegetation Kit/Prefabs/Rocks/Small Rock 3.prefab using Guid(8402ea267d711e6439b198a4526755b2) Importer(815301076,1909f56bfc062723c751e8b465ee728b)  -> (artifact id: '9c4f367373e91f9ef080cb7f419674cc') in 0.012995 seconds 
========================================================================
Received Import Request.
  Time since last request: 0.000022 seconds.
  path: Assets/Low Poly Free Vegetation Kit/Prefabs/Rocks/Big Rock 4.prefab
  artifactKey: Guid(dd1832de68cba8f48960216dac3c4f3e) Importer(815301076,1909f56bfc062723c751e8b465ee728b)
Start importing Assets/Low Poly Free Vegetation Kit/Prefabs/Rocks/Big Rock 4.prefab using Guid(dd1832de68cba8f48960216dac3c4f3e) Importer(815301076,1909f56bfc062723c751e8b465ee728b)  -> (artifact id: '40a76105059e841522b92d7852a42010') in 0.015896 seconds 
========================================================================
Received Import Request.
  Time since last request: 0.000028 seconds.
  path: Assets/Low Poly Free Vegetation Kit/Prefabs/Rocks/Small Rock 4.prefab
  artifactKey: Guid(03129de0bceaad4418f7f0375b4b3c38) Importer(815301076,1909f56bfc062723c751e8b465ee728b)
Start importing Assets/Low Poly Free Vegetation Kit/Prefabs/Rocks/Small Rock 4.prefab using Guid(03129de0bceaad4418f7f0375b4b3c38) Importer(815301076,1909f56bfc062723c751e8b465ee728b)  -> (artifact id: '25637013e8c53ae0b4b2a475fe486d04') in 0.014277 seconds 
========================================================================
Received Import Request.
  Time since last request: 0.000022 seconds.
  path: Assets/Low Poly Free Vegetation Kit/Prefabs/Rocks/Small Rock 2.prefab
  artifactKey: Guid(904c994af20bbf64493c06b741e63cb4) Importer(815301076,1909f56bfc062723c751e8b465ee728b)
Start importing Assets/Low Poly Free Vegetation Kit/Prefabs/Rocks/Small Rock 2.prefab using Guid(904c994af20bbf64493c06b741e63cb4) Importer(815301076,1909f56bfc062723c751e8b465ee728b)  -> (artifact id: 'c17a19b7bd22831d05db367ab3571cce') in 0.013447 seconds 
========================================================================
Received Import Request.
  Time since last request: 64.862753 seconds.
  path: Assets/Scenes/NewLayer 1.terrainlayer
  artifactKey: Guid(07dbba69e82c49845942b7746742249e) Importer(815301076,1909f56bfc062723c751e8b465ee728b)
Start importing Assets/Scenes/NewLayer 1.terrainlayer using Guid(07dbba69e82c49845942b7746742249e) Importer(815301076,1909f56bfc062723c751e8b465ee728b)  -> (artifact id: 'ba8f41bf48ca522f52f85e9de7eda184') in 0.027412 seconds 
========================================================================
Received Import Request.
  Time since last request: 0.000024 seconds.
  path: Assets/Scenes/NewLayer 3.terrainlayer
  artifactKey: Guid(ef326ba87bb56254ba6475b0b4bdbf37) Importer(815301076,1909f56bfc062723c751e8b465ee728b)
Start importing Assets/Scenes/NewLayer 3.terrainlayer using Guid(ef326ba87bb56254ba6475b0b4bdbf37) Importer(815301076,1909f56bfc062723c751e8b465ee728b)  -> (artifact id: 'ad5a8ea29f7ad660cd954b107be710c7') in 0.008995 seconds 
========================================================================
Received Import Request.
  Time since last request: 0.000022 seconds.
  path: Assets/Scenes/NewLayer 2.terrainlayer
  artifactKey: Guid(4016f0688eda6ac48b4345485e3d0b6d) Importer(815301076,1909f56bfc062723c751e8b465ee728b)
Start importing Assets/Scenes/NewLayer 2.terrainlayer using Guid(4016f0688eda6ac48b4345485e3d0b6d) Importer(815301076,1909f56bfc062723c751e8b465ee728b)  -> (artifact id: 'fb42dae2b4c954c6dc245b36103e05c4') in 0.014535 seconds 
========================================================================
Received Import Request.
  Time since last request: 0.000029 seconds.
  path: Assets/Scenes/NewLayer 4.terrainlayer
  artifactKey: Guid(62caf1c0a0041a441bea65bbccc44725) Importer(815301076,1909f56bfc062723c751e8b465ee728b)
Start importing Assets/Scenes/NewLayer 4.terrainlayer using Guid(62caf1c0a0041a441bea65bbccc44725) Importer(815301076,1909f56bfc062723c751e8b465ee728b)  -> (artifact id: 'bc35f4cb524ef2af767219d608496907') in 0.014971 seconds 
========================================================================
Received Import Request.
  Time since last request: 0.000031 seconds.
  path: Assets/Scenes/NewLayer.terrainlayer
  artifactKey: Guid(01463c0696841114ba92b200fc9dcff6) Importer(815301076,1909f56bfc062723c751e8b465ee728b)
Start importing Assets/Scenes/NewLayer.terrainlayer using Guid(01463c0696841114ba92b200fc9dcff6) Importer(815301076,1909f56bfc062723c751e8b465ee728b)  -> (artifact id: '2d3d99b4eca609e21719e5a1bb386651') in 0.010450 seconds 
========================================================================
Received Import Request.
  Time since last request: 1.722027 seconds.
  path: Assets/Scenes/Menu.unity
  artifactKey: Guid(1c00a233eedce744aa32ff3d4a61ec5c) Importer(815301076,1909f56bfc062723c751e8b465ee728b)
Start importing Assets/Scenes/Menu.unity using Guid(1c00a233eedce744aa32ff3d4a61ec5c) Importer(815301076,1909f56bfc062723c751e8b465ee728b)  -> (artifact id: '5c6cfe3bdde799eed69eb383d1f7a316') in 0.007572 seconds 
========================================================================
Received Import Request.
  Time since last request: 7.305990 seconds.
  path: Assets/Scenes/Room.unity
  artifactKey: Guid(4d23377b4cbbdcf49a32eec2f6195b69) Importer(815301076,1909f56bfc062723c751e8b465ee728b)
Start importing Assets/Scenes/Room.unity using Guid(4d23377b4cbbdcf49a32eec2f6195b69) Importer(815301076,1909f56bfc062723c751e8b465ee728b)  -> (artifact id: 'b320b30b125f419319f5b1660bb76ddf') in 0.006755 seconds 
========================================================================
Received Import Request.
  Time since last request: 20.441080 seconds.
  path: Assets/Scenes/Forest.unity
  artifactKey: Guid(6c5afed758d9dde4d96232ce7a139e63) Importer(815301076,1909f56bfc062723c751e8b465ee728b)
Start importing Assets/Scenes/Forest.unity using Guid(6c5afed758d9dde4d96232ce7a139e63) Importer(815301076,1909f56bfc062723c751e8b465ee728b)  -> (artifact id: 'ad031f2033b990a4dfb72db4549e7cff') in 0.007834 seconds 
========================================================================
Received Import Request.
  Time since last request: 98.961320 seconds.
  path: Assets/Scenes/EndGame.unity
  artifactKey: Guid(106025b4713992744bb2e8999d6a3608) Importer(815301076,1909f56bfc062723c751e8b465ee728b)
Start importing Assets/Scenes/EndGame.unity using Guid(106025b4713992744bb2e8999d6a3608) Importer(815301076,1909f56bfc062723c751e8b465ee728b)  -> (artifact id: '123143e226e6e91dc41b801793994311') in 0.008522 seconds 
========================================================================
Received Import Request.
  Time since last request: 4504.711829 seconds.
  path: Assets/Low Poly Free Vegetation Kit/Prefabs/Terrains/Big Terrain 1.prefab
  artifactKey: Guid(021cac7915726eb4c849c3c16ebe90bb) Importer(815301076,1909f56bfc062723c751e8b465ee728b)
Start importing Assets/Low Poly Free Vegetation Kit/Prefabs/Terrains/Big Terrain 1.prefab using Guid(021cac7915726eb4c849c3c16ebe90bb) Importer(815301076,1909f56bfc062723c751e8b465ee728b)  -> (artifact id: 'f1cbc0f13b40740f8935551c7ef89eef') in 0.122067 seconds 
========================================================================
Received Import Request.
  Time since last request: 0.000044 seconds.
  path: Assets/Low Poly Free Vegetation Kit/Prefabs/Terrains/Terrain 4.prefab
  artifactKey: Guid(95825788e37296d41afedaf1f2acc1b9) Importer(815301076,1909f56bfc062723c751e8b465ee728b)
Start importing Assets/Low Poly Free Vegetation Kit/Prefabs/Terrains/Terrain 4.prefab using Guid(95825788e37296d41afedaf1f2acc1b9) Importer(815301076,1909f56bfc062723c751e8b465ee728b)  -> (artifact id: 'add323f73a9151d3e0212288aa129758') in 0.024862 seconds 
========================================================================
Received Import Request.
  Time since last request: 0.000040 seconds.
  path: Assets/Low Poly Free Vegetation Kit/Prefabs/Terrains/Small Terrrain 3.prefab
  artifactKey: Guid(40f6e5148a18e26439d44d5b54624465) Importer(815301076,1909f56bfc062723c751e8b465ee728b)
Start importing Assets/Low Poly Free Vegetation Kit/Prefabs/Terrains/Small Terrrain 3.prefab using Guid(40f6e5148a18e26439d44d5b54624465) Importer(815301076,1909f56bfc062723c751e8b465ee728b)  -> (artifact id: '6bce46054be46d65fc66198d80de09eb') in 0.029450 seconds 
========================================================================
Received Import Request.
  Time since last request: 0.000029 seconds.
  path: Assets/Low Poly Free Vegetation Kit/Prefabs/Terrains/Water 2.prefab
  artifactKey: Guid(2a4625c7296ca1848bf85307ce47de11) Importer(815301076,1909f56bfc062723c751e8b465ee728b)
Start importing Assets/Low Poly Free Vegetation Kit/Prefabs/Terrains/Water 2.prefab using Guid(2a4625c7296ca1848bf85307ce47de11) Importer(815301076,1909f56bfc062723c751e8b465ee728b)  -> (artifact id: '97f53d458179a74502f765322849ee28') in 0.237234 seconds 
========================================================================
Received Import Request.
  Time since last request: 0.000038 seconds.
  path: Assets/Low Poly Free Vegetation Kit/Prefabs/Terrains/Terrain 5.prefab
  artifactKey: Guid(cc5c88d03147e4649ba476b947a8c684) Importer(815301076,1909f56bfc062723c751e8b465ee728b)
Start importing Assets/Low Poly Free Vegetation Kit/Prefabs/Terrains/Terrain 5.prefab using Guid(cc5c88d03147e4649ba476b947a8c684) Importer(815301076,1909f56bfc062723c751e8b465ee728b)  -> (artifact id: '2b04c3756452069e1bb52b27bd1aada5') in 0.033085 seconds 
========================================================================
Received Import Request.
  Time since last request: 0.000029 seconds.
  path: Assets/Low Poly Free Vegetation Kit/Prefabs/Terrains/Big Terrain 2.prefab
  artifactKey: Guid(f4c1cfcd374469748b29ecb93e8a8761) Importer(815301076,1909f56bfc062723c751e8b465ee728b)
Start importing Assets/Low Poly Free Vegetation Kit/Prefabs/Terrains/Big Terrain 2.prefab using Guid(f4c1cfcd374469748b29ecb93e8a8761) Importer(815301076,1909f56bfc062723c751e8b465ee728b)  -> (artifact id: 'de5e43440526dde7ecb1638934e792d1') in 0.035218 seconds 
========================================================================
Received Import Request.
  Time since last request: 0.000028 seconds.
  path: Assets/Low Poly Free Vegetation Kit/Prefabs/Terrains/Water 1.prefab
  artifactKey: Guid(bf0b8499f58daa74abe2fdafdde77681) Importer(815301076,1909f56bfc062723c751e8b465ee728b)
Start importing Assets/Low Poly Free Vegetation Kit/Prefabs/Terrains/Water 1.prefab using Guid(bf0b8499f58daa74abe2fdafdde77681) Importer(815301076,1909f56bfc062723c751e8b465ee728b)  -> (artifact id: '086c60c607e08232d2fbeb4eab4af69e') in 0.030132 seconds 
========================================================================
Received Import Request.
  Time since last request: 0.000025 seconds.
  path: Assets/Low Poly Free Vegetation Kit/Prefabs/Terrains/Big Terrain 3.prefab
  artifactKey: Guid(4e37b4571247c824c999f8a0381993fd) Importer(815301076,1909f56bfc062723c751e8b465ee728b)
Start importing Assets/Low Poly Free Vegetation Kit/Prefabs/Terrains/Big Terrain 3.prefab using Guid(4e37b4571247c824c999f8a0381993fd) Importer(815301076,1909f56bfc062723c751e8b465ee728b)  -> (artifact id: 'efd5cb92eba9e64e41c38f6d9e419279') in 0.016535 seconds 
========================================================================
Received Import Request.
  Time since last request: 0.000031 seconds.
  path: Assets/Low Poly Free Vegetation Kit/Prefabs/Terrains/Small Terrrain 1.prefab
  artifactKey: Guid(b21d66484532de24d9a537a803ad99ea) Importer(815301076,1909f56bfc062723c751e8b465ee728b)
Start importing Assets/Low Poly Free Vegetation Kit/Prefabs/Terrains/Small Terrrain 1.prefab using Guid(b21d66484532de24d9a537a803ad99ea) Importer(815301076,1909f56bfc062723c751e8b465ee728b)  -> (artifact id: '3578af2ca115bf82b347107fa324fd9d') in 0.016534 seconds 
========================================================================
Received Import Request.
  Time since last request: 0.000030 seconds.
  path: Assets/Low Poly Free Vegetation Kit/Prefabs/Terrains/Small Terrrain 2.prefab
  artifactKey: Guid(d8e2a32cedcc9ca418f8012539d9e603) Importer(815301076,1909f56bfc062723c751e8b465ee728b)
Start importing Assets/Low Poly Free Vegetation Kit/Prefabs/Terrains/Small Terrrain 2.prefab using Guid(d8e2a32cedcc9ca418f8012539d9e603) Importer(815301076,1909f56bfc062723c751e8b465ee728b)  -> (artifact id: 'd6a036076234690a78c7ce25746eb8ca') in 0.015944 seconds 
========================================================================
Received Import Request.
  Time since last request: 0.000025 seconds.
  path: Assets/Low Poly Free Vegetation Kit/Prefabs/Terrains/Small Terrrain 5.prefab
  artifactKey: Guid(03cc72561cbb9e546b41049099284b6b) Importer(815301076,1909f56bfc062723c751e8b465ee728b)
Start importing Assets/Low Poly Free Vegetation Kit/Prefabs/Terrains/Small Terrrain 5.prefab using Guid(03cc72561cbb9e546b41049099284b6b) Importer(815301076,1909f56bfc062723c751e8b465ee728b)  -> (artifact id: '05d5ec2060ec1cb0e63756ba4220b2fe') in 0.022918 seconds 
========================================================================
Received Import Request.
  Time since last request: 0.000029 seconds.
  path: Assets/Low Poly Free Vegetation Kit/Prefabs/Terrains/Terrain 1.prefab
  artifactKey: Guid(3b8d04aad36504b419b3c68d9fcf7c20) Importer(815301076,1909f56bfc062723c751e8b465ee728b)
Start importing Assets/Low Poly Free Vegetation Kit/Prefabs/Terrains/Terrain 1.prefab using Guid(3b8d04aad36504b419b3c68d9fcf7c20) Importer(815301076,1909f56bfc062723c751e8b465ee728b)  -> (artifact id: '4fce3b50d30fe211ce7d83cbfe73eb51') in 0.032673 seconds 
========================================================================
Received Import Request.
  Time since last request: 0.000034 seconds.
  path: Assets/Low Poly Free Vegetation Kit/Prefabs/Terrains/Big Terrain 5.prefab
  artifactKey: Guid(96e5bec91bac05948b08ef2214e0f074) Importer(815301076,1909f56bfc062723c751e8b465ee728b)
Start importing Assets/Low Poly Free Vegetation Kit/Prefabs/Terrains/Big Terrain 5.prefab using Guid(96e5bec91bac05948b08ef2214e0f074) Importer(815301076,1909f56bfc062723c751e8b465ee728b)  -> (artifact id: '92a25eac77a9b8b1bf6734a3a3a872d1') in 0.018306 seconds 
========================================================================
Received Import Request.
  Time since last request: 0.000036 seconds.
  path: Assets/Low Poly Free Vegetation Kit/Prefabs/Terrains/Big Terrain 4.prefab
  artifactKey: Guid(043a2d44b6187da49b1d72e5741b841b) Importer(815301076,1909f56bfc062723c751e8b465ee728b)
Start importing Assets/Low Poly Free Vegetation Kit/Prefabs/Terrains/Big Terrain 4.prefab using Guid(043a2d44b6187da49b1d72e5741b841b) Importer(815301076,1909f56bfc062723c751e8b465ee728b)  -> (artifact id: '67c9d9f1015c2665e852f7696c0664f3') in 0.017597 seconds 
========================================================================
Received Import Request.
  Time since last request: 0.000026 seconds.
  path: Assets/Low Poly Free Vegetation Kit/Prefabs/Terrains/Small Terrrain 4.prefab
  artifactKey: Guid(5e506b9ce8ec1274cac6a26f50ec2f32) Importer(815301076,1909f56bfc062723c751e8b465ee728b)
Start importing Assets/Low Poly Free Vegetation Kit/Prefabs/Terrains/Small Terrrain 4.prefab using Guid(5e506b9ce8ec1274cac6a26f50ec2f32) Importer(815301076,1909f56bfc062723c751e8b465ee728b)  -> (artifact id: '68d298b143f6bb43a7c3f18a4c4ded57') in 0.018461 seconds 
========================================================================
Received Import Request.
  Time since last request: 0.000030 seconds.
  path: Assets/Low Poly Free Vegetation Kit/Prefabs/Terrains/Terrain 3.prefab
  artifactKey: Guid(61e47e93992af424aa861db021ff3420) Importer(815301076,1909f56bfc062723c751e8b465ee728b)
Start importing Assets/Low Poly Free Vegetation Kit/Prefabs/Terrains/Terrain 3.prefab using Guid(61e47e93992af424aa861db021ff3420) Importer(815301076,1909f56bfc062723c751e8b465ee728b)  -> (artifact id: '6b0e42707fb368f008654ab2280a76dc') in 0.016271 seconds 
========================================================================
Received Import Request.
  Time since last request: 0.000032 seconds.
  path: Assets/Low Poly Free Vegetation Kit/Prefabs/Terrains/Terrain 2.prefab
  artifactKey: Guid(52a72dc5dc27035429e88dd0fcf135db) Importer(815301076,1909f56bfc062723c751e8b465ee728b)
Start importing Assets/Low Poly Free Vegetation Kit/Prefabs/Terrains/Terrain 2.prefab using Guid(52a72dc5dc27035429e88dd0fcf135db) Importer(815301076,1909f56bfc062723c751e8b465ee728b)  -> (artifact id: '1a847895e637a360b15802d6e801cf0b') in 0.017225 seconds 
========================================================================
Received Import Request.
  Time since last request: 0.023761 seconds.
  path: Assets/Low Poly Free Vegetation Kit/Prefabs/Vegetation/Branch 1.prefab
  artifactKey: Guid(37f9aeb2fdaf19f4a8efd7ce8a593dcd) Importer(815301076,1909f56bfc062723c751e8b465ee728b)
Start importing Assets/Low Poly Free Vegetation Kit/Prefabs/Vegetation/Branch 1.prefab using Guid(37f9aeb2fdaf19f4a8efd7ce8a593dcd) Importer(815301076,1909f56bfc062723c751e8b465ee728b)  -> (artifact id: '964b4e5cafd3e2a51e8fa94c11dcd067') in 0.014227 seconds 
========================================================================
Received Import Request.
  Time since last request: 0.000022 seconds.
  path: Assets/Low Poly Free Vegetation Kit/Prefabs/Vegetation/Branch 3.prefab
  artifactKey: Guid(fdd3446cc2b63d44fb714ae3ca931241) Importer(815301076,1909f56bfc062723c751e8b465ee728b)
Start importing Assets/Low Poly Free Vegetation Kit/Prefabs/Vegetation/Branch 3.prefab using Guid(fdd3446cc2b63d44fb714ae3ca931241) Importer(815301076,1909f56bfc062723c751e8b465ee728b)  -> (artifact id: '855d8004a558205d1dcd906ba7114181') in 0.015512 seconds 
========================================================================
Received Import Request.
  Time since last request: 0.000029 seconds.
  path: Assets/Low Poly Free Vegetation Kit/Prefabs/Vegetation/Tree 1.prefab
  artifactKey: Guid(06573cc19fb2e4a479092a9b4687b26c) Importer(815301076,1909f56bfc062723c751e8b465ee728b)
Start importing Assets/Low Poly Free Vegetation Kit/Prefabs/Vegetation/Tree 1.prefab using Guid(06573cc19fb2e4a479092a9b4687b26c) Importer(815301076,1909f56bfc062723c751e8b465ee728b)  -> (artifact id: '852c90ec8440e0b8ba3e1a0adcd1369b') in 0.230162 seconds 
========================================================================
Received Import Request.
  Time since last request: 0.000030 seconds.
  path: Assets/Low Poly Free Vegetation Kit/Prefabs/Vegetation/Grass Patch 5.prefab
  artifactKey: Guid(93e3512978bcf1743819154cc039e1a7) Importer(815301076,1909f56bfc062723c751e8b465ee728b)
Start importing Assets/Low Poly Free Vegetation Kit/Prefabs/Vegetation/Grass Patch 5.prefab using Guid(93e3512978bcf1743819154cc039e1a7) Importer(815301076,1909f56bfc062723c751e8b465ee728b)  -> (artifact id: '16d0cc208908706f99ab24c8e56f51cf') in 0.037332 seconds 
========================================================================
Received Import Request.
  Time since last request: 0.000031 seconds.
  path: Assets/Low Poly Free Vegetation Kit/Prefabs/Vegetation/Plant 3.prefab
  artifactKey: Guid(64ca9e302d16490429d2a0f349d72095) Importer(815301076,1909f56bfc062723c751e8b465ee728b)
Start importing Assets/Low Poly Free Vegetation Kit/Prefabs/Vegetation/Plant 3.prefab using Guid(64ca9e302d16490429d2a0f349d72095) Importer(815301076,1909f56bfc062723c751e8b465ee728b)  -> (artifact id: '32e5e8aaeb851bc64b9668766eba202b') in 0.032257 seconds 
========================================================================
Received Import Request.
  Time since last request: 0.000033 seconds.
  path: Assets/Low Poly Free Vegetation Kit/Prefabs/Vegetation/Tree 3.prefab
  artifactKey: Guid(ab1a291faed69db41860cdd7b273c28d) Importer(815301076,1909f56bfc062723c751e8b465ee728b)
Start importing Assets/Low Poly Free Vegetation Kit/Prefabs/Vegetation/Tree 3.prefab using Guid(ab1a291faed69db41860cdd7b273c28d) Importer(815301076,1909f56bfc062723c751e8b465ee728b)  -> (artifact id: '37ec06609981e4dd180826b18ab40d52') in 0.023792 seconds 
========================================================================
Received Import Request.
  Time since last request: 0.000029 seconds.
  path: Assets/Low Poly Free Vegetation Kit/Prefabs/Vegetation/Tree 4.prefab
  artifactKey: Guid(2e0bdbada749e6f48b12cd3f5cadc4f3) Importer(815301076,1909f56bfc062723c751e8b465ee728b)
Start importing Assets/Low Poly Free Vegetation Kit/Prefabs/Vegetation/Tree 4.prefab using Guid(2e0bdbada749e6f48b12cd3f5cadc4f3) Importer(815301076,1909f56bfc062723c751e8b465ee728b)  -> (artifact id: 'fd4484981c8b4664cbf4331399efa003') in 0.017133 seconds 
========================================================================
Received Import Request.
  Time since last request: 0.000032 seconds.
  path: Assets/Low Poly Free Vegetation Kit/Prefabs/Vegetation/Tree 5.prefab
  artifactKey: Guid(5bec60f4b2bc22b4fa1dcca2ca18225f) Importer(815301076,1909f56bfc062723c751e8b465ee728b)
Start importing Assets/Low Poly Free Vegetation Kit/Prefabs/Vegetation/Tree 5.prefab using Guid(5bec60f4b2bc22b4fa1dcca2ca18225f) Importer(815301076,1909f56bfc062723c751e8b465ee728b)  -> (artifact id: '7e65014db8be3539c65f7908b34af7fb') in 0.022593 seconds 
========================================================================
Received Import Request.
  Time since last request: 0.000029 seconds.
  path: Assets/Low Poly Free Vegetation Kit/Prefabs/Vegetation/Plant 1.prefab
  artifactKey: Guid(15f2f61c86005324ab3630e8b1ba2747) Importer(815301076,1909f56bfc062723c751e8b465ee728b)
Start importing Assets/Low Poly Free Vegetation Kit/Prefabs/Vegetation/Plant 1.prefab using Guid(15f2f61c86005324ab3630e8b1ba2747) Importer(815301076,1909f56bfc062723c751e8b465ee728b)  -> (artifact id: 'da3a080901c17570b3296da0d73e1ef7') in 0.019886 seconds 
========================================================================
Received Import Request.
  Time since last request: 0.000043 seconds.
  path: Assets/Low Poly Free Vegetation Kit/Prefabs/Vegetation/Mushroom 2.prefab
  artifactKey: Guid(18af26af61ee8234caa44dc89f89d5cf) Importer(815301076,1909f56bfc062723c751e8b465ee728b)
Start importing Assets/Low Poly Free Vegetation Kit/Prefabs/Vegetation/Mushroom 2.prefab using Guid(18af26af61ee8234caa44dc89f89d5cf) Importer(815301076,1909f56bfc062723c751e8b465ee728b)  -> (artifact id: '50ca196e480479282c018199b1c066a9') in 0.025118 seconds 
========================================================================
Received Import Request.
  Time since last request: 0.000023 seconds.
  path: Assets/Low Poly Free Vegetation Kit/Prefabs/Vegetation/Flower 1.prefab
  artifactKey: Guid(a620afd0f970b5d41a1c9398ef276fd4) Importer(815301076,1909f56bfc062723c751e8b465ee728b)
Start importing Assets/Low Poly Free Vegetation Kit/Prefabs/Vegetation/Flower 1.prefab using Guid(a620afd0f970b5d41a1c9398ef276fd4) Importer(815301076,1909f56bfc062723c751e8b465ee728b)  -> (artifact id: '6ee14973b3820aa3ba4684cd8158b2f8') in 0.023602 seconds 
========================================================================
Received Import Request.
  Time since last request: 0.000034 seconds.
  path: Assets/Low Poly Free Vegetation Kit/Prefabs/Vegetation/Mushroom 3.prefab
  artifactKey: Guid(f9ba43b4d4d826f47aa990da47cf55a1) Importer(815301076,1909f56bfc062723c751e8b465ee728b)
Start importing Assets/Low Poly Free Vegetation Kit/Prefabs/Vegetation/Mushroom 3.prefab using Guid(f9ba43b4d4d826f47aa990da47cf55a1) Importer(815301076,1909f56bfc062723c751e8b465ee728b)  -> (artifact id: '24217a656f7dad629785bfb370e2fa88') in 0.016982 seconds 
========================================================================
Received Import Request.
  Time since last request: 0.000032 seconds.
  path: Assets/Low Poly Free Vegetation Kit/Prefabs/Vegetation/Flower 2.prefab
  artifactKey: Guid(eb027d38027a0474f9ac33e96dc2db19) Importer(815301076,1909f56bfc062723c751e8b465ee728b)
Start importing Assets/Low Poly Free Vegetation Kit/Prefabs/Vegetation/Flower 2.prefab using Guid(eb027d38027a0474f9ac33e96dc2db19) Importer(815301076,1909f56bfc062723c751e8b465ee728b)  -> (artifact id: 'e54297449f7169c89ec36078f1694cb0') in 0.016312 seconds 
========================================================================
Received Import Request.
  Time since last request: 0.000029 seconds.
  path: Assets/Low Poly Free Vegetation Kit/Prefabs/Vegetation/Flower 3.prefab
  artifactKey: Guid(f550c80a288252347bddcb7465dc52df) Importer(815301076,1909f56bfc062723c751e8b465ee728b)
Start importing Assets/Low Poly Free Vegetation Kit/Prefabs/Vegetation/Flower 3.prefab using Guid(f550c80a288252347bddcb7465dc52df) Importer(815301076,1909f56bfc062723c751e8b465ee728b)  -> (artifact id: 'e24f91822d9a34788f6f510ff81a1ef2') in 0.016265 seconds 
========================================================================
Received Import Request.
  Time since last request: 0.000021 seconds.
  path: Assets/Low Poly Free Vegetation Kit/Prefabs/Vegetation/Log.prefab
  artifactKey: Guid(4b21e533c871dba4bb5c56ba22947be8) Importer(815301076,1909f56bfc062723c751e8b465ee728b)
Start importing Assets/Low Poly Free Vegetation Kit/Prefabs/Vegetation/Log.prefab using Guid(4b21e533c871dba4bb5c56ba22947be8) Importer(815301076,1909f56bfc062723c751e8b465ee728b)  -> (artifact id: 'd6d6098baa5e719621be018f30f5849b') in 0.017471 seconds 
========================================================================
Received Import Request.
  Time since last request: 0.000023 seconds.
  path: Assets/Low Poly Free Vegetation Kit/Prefabs/Vegetation/Stump 3.prefab
  artifactKey: Guid(284148a5985781342877af69bf326a2e) Importer(815301076,1909f56bfc062723c751e8b465ee728b)
Start importing Assets/Low Poly Free Vegetation Kit/Prefabs/Vegetation/Stump 3.prefab using Guid(284148a5985781342877af69bf326a2e) Importer(815301076,1909f56bfc062723c751e8b465ee728b)  -> (artifact id: '3ee4ce54bda7b804b46251b0477f0109') in 0.022452 seconds 
========================================================================
Received Import Request.
  Time since last request: 0.000028 seconds.
  path: Assets/Low Poly Free Vegetation Kit/Prefabs/Vegetation/Grass Patch 2.prefab
  artifactKey: Guid(34153477ce4cf9246b4e6cda32b7153b) Importer(815301076,1909f56bfc062723c751e8b465ee728b)
Start importing Assets/Low Poly Free Vegetation Kit/Prefabs/Vegetation/Grass Patch 2.prefab using Guid(34153477ce4cf9246b4e6cda32b7153b) Importer(815301076,1909f56bfc062723c751e8b465ee728b)  -> (artifact id: '7b0b6a110cd73cdc088896a16a312eac') in 0.028187 seconds 
========================================================================
Received Import Request.
  Time since last request: 0.000033 seconds.
  path: Assets/Low Poly Free Vegetation Kit/Prefabs/Vegetation/Mushroom 1.prefab
  artifactKey: Guid(c4e981a1c971f6242b943d74ed0d8a65) Importer(815301076,1909f56bfc062723c751e8b465ee728b)
Start importing Assets/Low Poly Free Vegetation Kit/Prefabs/Vegetation/Mushroom 1.prefab using Guid(c4e981a1c971f6242b943d74ed0d8a65) Importer(815301076,1909f56bfc062723c751e8b465ee728b)  -> (artifact id: 'b965dd36ef3f3eef0a04bccac8f2cbcd') in 0.017779 seconds 
========================================================================
Received Import Request.
  Time since last request: 0.000021 seconds.
  path: Assets/Low Poly Free Vegetation Kit/Prefabs/Vegetation/Grass Patch 1.prefab
  artifactKey: Guid(d483cda7cf88d5c43a719c90483764f1) Importer(815301076,1909f56bfc062723c751e8b465ee728b)
Start importing Assets/Low Poly Free Vegetation Kit/Prefabs/Vegetation/Grass Patch 1.prefab using Guid(d483cda7cf88d5c43a719c90483764f1) Importer(815301076,1909f56bfc062723c751e8b465ee728b)  -> (artifact id: '491aacf49947d1fd86761db5748c61a4') in 0.027007 seconds 
========================================================================
Received Import Request.
  Time since last request: 0.000030 seconds.
  path: Assets/Low Poly Free Vegetation Kit/Prefabs/Vegetation/Branch 2.prefab
  artifactKey: Guid(006e392d17557b045b1e173abb80f1e8) Importer(815301076,1909f56bfc062723c751e8b465ee728b)
Start importing Assets/Low Poly Free Vegetation Kit/Prefabs/Vegetation/Branch 2.prefab using Guid(006e392d17557b045b1e173abb80f1e8) Importer(815301076,1909f56bfc062723c751e8b465ee728b)  -> (artifact id: '61926ceaf95c0224d40521790df16089') in 0.025074 seconds 
========================================================================
Received Import Request.
  Time since last request: 0.000034 seconds.
  path: Assets/Low Poly Free Vegetation Kit/Prefabs/Vegetation/Plant 2.prefab
  artifactKey: Guid(30cd4b8a989daaa4fbb273ee70bf99f6) Importer(815301076,1909f56bfc062723c751e8b465ee728b)
Start importing Assets/Low Poly Free Vegetation Kit/Prefabs/Vegetation/Plant 2.prefab using Guid(30cd4b8a989daaa4fbb273ee70bf99f6) Importer(815301076,1909f56bfc062723c751e8b465ee728b)  -> (artifact id: '319fa9a7f7952c8e6492c1296b1136f4') in 0.024890 seconds 
========================================================================
Received Import Request.
  Time since last request: 0.000044 seconds.
  path: Assets/Low Poly Free Vegetation Kit/Prefabs/Vegetation/Grass Patch 3.prefab
  artifactKey: Guid(94041ccdef74f7d408ff9d1382f49eae) Importer(815301076,1909f56bfc062723c751e8b465ee728b)
Start importing Assets/Low Poly Free Vegetation Kit/Prefabs/Vegetation/Grass Patch 3.prefab using Guid(94041ccdef74f7d408ff9d1382f49eae) Importer(815301076,1909f56bfc062723c751e8b465ee728b)  -> (artifact id: '24227fe225a2734e16f3260831806efb') in 0.021253 seconds 
========================================================================
Received Import Request.
  Time since last request: 0.000027 seconds.
  path: Assets/Low Poly Free Vegetation Kit/Prefabs/Vegetation/Grass Patch 4.prefab
  artifactKey: Guid(32d76070fd4329949a147d840b3a3fdf) Importer(815301076,1909f56bfc062723c751e8b465ee728b)
Start importing Assets/Low Poly Free Vegetation Kit/Prefabs/Vegetation/Grass Patch 4.prefab using Guid(32d76070fd4329949a147d840b3a3fdf) Importer(815301076,1909f56bfc062723c751e8b465ee728b)  -> (artifact id: 'c881eb783a0e8bef2ad5732733cd59fd') in 0.025907 seconds 
========================================================================
Received Import Request.
  Time since last request: 0.000040 seconds.
  path: Assets/Low Poly Free Vegetation Kit/Prefabs/Vegetation/Tree 2.prefab
  artifactKey: Guid(b0b4c1c1dea91474e80b958446c76e5b) Importer(815301076,1909f56bfc062723c751e8b465ee728b)
Start importing Assets/Low Poly Free Vegetation Kit/Prefabs/Vegetation/Tree 2.prefab using Guid(b0b4c1c1dea91474e80b958446c76e5b) Importer(815301076,1909f56bfc062723c751e8b465ee728b)  -> (artifact id: '1c95e253c663cf5c4c2e8303d4d41139') in 0.020093 seconds 
========================================================================
Received Import Request.
  Time since last request: 0.000032 seconds.
  path: Assets/Low Poly Free Vegetation Kit/Prefabs/Vegetation/Stump 2.prefab
  artifactKey: Guid(89c243b5404a4554985c1d903093fa00) Importer(815301076,1909f56bfc062723c751e8b465ee728b)
Start importing Assets/Low Poly Free Vegetation Kit/Prefabs/Vegetation/Stump 2.prefab using Guid(89c243b5404a4554985c1d903093fa00) Importer(815301076,1909f56bfc062723c751e8b465ee728b)  -> (artifact id: 'df6b1425f78b2a278c592c4b9b1b578a') in 0.023932 seconds 
========================================================================
Received Import Request.
  Time since last request: 0.000028 seconds.
  path: Assets/Low Poly Free Vegetation Kit/Prefabs/Vegetation/Stump 1.prefab
  artifactKey: Guid(0c1dc9162f86dac488068fdcb3cf9715) Importer(815301076,1909f56bfc062723c751e8b465ee728b)
Start importing Assets/Low Poly Free Vegetation Kit/Prefabs/Vegetation/Stump 1.prefab using Guid(0c1dc9162f86dac488068fdcb3cf9715) Importer(815301076,1909f56bfc062723c751e8b465ee728b)  -> (artifact id: '1fb22c69db5596225e25f978bd3346fb') in 0.032161 seconds 
========================================================================
Received Import Request.
  Time since last request: 80.709998 seconds.
  path: Assets/Scripts/PlayerControls.inputactions
  artifactKey: Guid(900d3b2cdaf443242b2ba0753159efab) Importer(815301076,1909f56bfc062723c751e8b465ee728b)
Start importing Assets/Scripts/PlayerControls.inputactions using Guid(900d3b2cdaf443242b2ba0753159efab) Importer(815301076,1909f56bfc062723c751e8b465ee728b)  -> (artifact id: '68b65b929b51d2cfb709b2f088a13ffc') in 0.030196 seconds 
========================================================================
Received Import Request.
  Time since last request: 0.839373 seconds.
  path: Assets/Scripts
  artifactKey: Guid(6393ece9bc7c6f142b7ad98e059012e9) Importer(815301076,1909f56bfc062723c751e8b465ee728b)
Start importing Assets/Scripts using Guid(6393ece9bc7c6f142b7ad98e059012e9) Importer(815301076,1909f56bfc062723c751e8b465ee728b)  -> (artifact id: '0f8f2f57f72aea24a80069d75ab56f74') in 0.008215 seconds 
========================================================================
Received Import Request.
  Time since last request: 10.737816 seconds.
  path: Assets/Scripts/toEndGame.cs
  artifactKey: Guid(d2256d0048f23cb499bdf9a2560654b6) Importer(815301076,1909f56bfc062723c751e8b465ee728b)
Start importing Assets/Scripts/toEndGame.cs using Guid(d2256d0048f23cb499bdf9a2560654b6) Importer(815301076,1909f56bfc062723c751e8b465ee728b)  -> (artifact id: '99735461cab805cc35ebf2e3266b8702') in 0.018336 seconds 
========================================================================
Received Import Request.
  Time since last request: 5.312185 seconds.
  path: Assets/Scripts/startGame.cs
  artifactKey: Guid(e6b78aa4d297d524686212e30dabced9) Importer(815301076,1909f56bfc062723c751e8b465ee728b)
Start importing Assets/Scripts/startGame.cs using Guid(e6b78aa4d297d524686212e30dabced9) Importer(815301076,1909f56bfc062723c751e8b465ee728b)  -> (artifact id: 'a6c5f9848a8766bb15005f6b977789ad') in 0.009024 seconds 
========================================================================
Received Prepare
Registering precompiled user dll's ...
Registered in 0.133957 seconds.
Begin MonoManager ReloadAssembly
Symbol file LoadedFromMemory doesn't match image C:\Users\User\OneDrive\Dokumenti\GitHub\SurvivalGame\NightOut\Library\PackageCache\com.unity.visualscripting@1.7.2\Editor\VisualScripting.Core\Dependencies\YamlDotNet\Unity.VisualScripting.YamlDotNet.dll
Symbol file LoadedFromMemory doesn't match image C:\Users\User\OneDrive\Dokumenti\GitHub\SurvivalGame\NightOut\Library\PackageCache\com.unity.visualscripting@1.7.2\Editor\VisualScripting.Core\Dependencies\DotNetZip\Unity.VisualScripting.IonicZip.dll
Native extension for LinuxStandalone target not found
Native extension for WindowsStandalone target not found
Native extension for OSXStandalone target not found
Native extension for WebGL target not found
Refreshing native plugins compatible for Editor in 0.97 ms, found 3 plugins.
Preloading 0 native plugins for Editor in 0.00 ms.
Mono: successfully reloaded assembly
- Completed reload, in  1.242 seconds
Domain Reload Profiling:
	ReloadAssembly (1243ms)
		BeginReloadAssembly (220ms)
			ExecutionOrderSort (0ms)
			DisableScriptedObjects (11ms)
			BackupInstance (0ms)
			ReleaseScriptingObjects (0ms)
			CreateAndSetChildDomain (81ms)
		EndReloadAssembly (915ms)
			LoadAssemblies (100ms)
			RebuildTransferFunctionScriptingTraits (0ms)
			SetupTypeCache (257ms)
			ReleaseScriptCaches (1ms)
			RebuildScriptCaches (39ms)
			SetupLoadedEditorAssemblies (413ms)
				LogAssemblyErrors (0ms)
				InitializePlatformSupportModulesInManaged (19ms)
				SetLoadedEditorAssemblies (0ms)
				RefreshPlugins (1ms)
				BeforeProcessingInitializeOnLoad (61ms)
				ProcessInitializeOnLoadAttributes (291ms)
				ProcessInitializeOnLoadMethodAttributes (25ms)
				AfterProcessingInitializeOnLoad (15ms)
				EditorAssembliesLoaded (0ms)
			ExecutionOrderSort2 (0ms)
			AwakeInstancesAfterBackupRestoration (9ms)
Platform modules already initialized, skipping
Refreshing native plugins compatible for Editor in 1.12 ms, found 3 plugins.
Preloading 0 native plugins for Editor in 0.00 ms.
Unloading 3588 Unused Serialized files (Serialized files now loaded: 0)
Unloading 21 unused Assets / (95.3 KB). Loaded Objects now: 4079.
Memory consumption went from 136.8 MB to 136.7 MB.
Total: 4.068300 ms (FindLiveObjects: 0.393000 ms CreateObjectMapping: 0.099500 ms MarkObjects: 3.526500 ms  DeleteObjects: 0.047400 ms)

AssetImportParameters requested are different than current active one (requested -> active):
  custom:video-decoder-ogg-theora: a1e56fd34408186e4bbccfd4996cb3dc -> 
  custom:container-muxer-webm: aa71ff27fc2769a1b78a27578f13a17b -> 
  custom:container-demuxer-webm: 4f35f7cbe854078d1ac9338744f61a02 -> 
  custom:video-encoder-webm-vp8: eb34c28f22e8b96e1ab97ce403110664 -> 
  custom:audio-encoder-webm-vorbis: bf7c407c2cedff20999df2af8eb42d56 -> 
  custom:framework-win-MediaFoundation: 216162199b28c13a410421893ffa2e32 -> 
  custom:container-demuxer-ogg: 62fdf1f143b41e24485cea50d1cbac27 -> 
  custom:video-decoder-webm-vp8: 9c59270c3fd7afecdb556c50c9e8de78 -> 
  custom:audio-decoder-ogg-vorbis: bf7c407c2cedff20999df2af8eb42d56 -> 
========================================================================
Received Import Request.
  Time since last request: 28.664981 seconds.
  path: Assets/Scripts/toEndGame.cs
  artifactKey: Guid(d2256d0048f23cb499bdf9a2560654b6) Importer(815301076,1909f56bfc062723c751e8b465ee728b)
Start importing Assets/Scripts/toEndGame.cs using Guid(d2256d0048f23cb499bdf9a2560654b6) Importer(815301076,1909f56bfc062723c751e8b465ee728b)  -> (artifact id: '78bcde6084f9cb0cf6c3b0a523d064ee') in 0.014944 seconds 
